2022-05-18 10:52:37 - PHP Unknown:  Return type of Twig\Node\Node::count() should either be compatible with Countable::count(): int, or the #[\ReturnTypeWillChange] attribute should be used to temporarily suppress the notice in C:\xampp\htdocs\opencart\upload\system\storage\vendor\twig\twig\src\Node\Node.php on line 161
2022-05-18 10:52:37 - PHP Unknown:  Return type of Twig\Node\Node::getIterator() should either be compatible with IteratorAggregate::getIterator(): Traversable, or the #[\ReturnTypeWillChange] attribute should be used to temporarily suppress the notice in C:\xampp\htdocs\opencart\upload\system\storage\vendor\twig\twig\src\Node\Node.php on line 166
2022-05-18 10:53:17 - PHP Unknown:  Return type of Twig\Node\Node::count() should either be compatible with Countable::count(): int, or the #[\ReturnTypeWillChange] attribute should be used to temporarily suppress the notice in C:\xampp\htdocs\opencart\upload\system\storage\vendor\twig\twig\src\Node\Node.php on line 161
2022-05-18 10:53:17 - PHP Unknown:  Return type of Twig\Node\Node::getIterator() should either be compatible with IteratorAggregate::getIterator(): Traversable, or the #[\ReturnTypeWillChange] attribute should be used to temporarily suppress the notice in C:\xampp\htdocs\opencart\upload\system\storage\vendor\twig\twig\src\Node\Node.php on line 166
2022-05-18 11:12:52 - PHP Unknown:  Return type of Twig\Node\Node::count() should either be compatible with Countable::count(): int, or the #[\ReturnTypeWillChange] attribute should be used to temporarily suppress the notice in C:\xampp\htdocs\opencart\upload\system\storage\vendor\twig\twig\src\Node\Node.php on line 161
2022-05-18 11:12:52 - PHP Unknown:  Return type of Twig\Node\Node::getIterator() should either be compatible with IteratorAggregate::getIterator(): Traversable, or the #[\ReturnTypeWillChange] attribute should be used to temporarily suppress the notice in C:\xampp\htdocs\opencart\upload\system\storage\vendor\twig\twig\src\Node\Node.php on line 166
2022-05-18 11:16:37 - PHP Unknown:  Return type of Twig\Node\Node::count() should either be compatible with Countable::count(): int, or the #[\ReturnTypeWillChange] attribute should be used to temporarily suppress the notice in C:\xampp\htdocs\opencart\upload\system\storage\vendor\twig\twig\src\Node\Node.php on line 161
2022-05-18 11:16:37 - PHP Unknown:  Return type of Twig\Node\Node::getIterator() should either be compatible with IteratorAggregate::getIterator(): Traversable, or the #[\ReturnTypeWillChange] attribute should be used to temporarily suppress the notice in C:\xampp\htdocs\opencart\upload\system\storage\vendor\twig\twig\src\Node\Node.php on line 166
2022-05-18 11:16:47 - PHP Unknown:  mysqli::real_escape_string(): Passing null to parameter #1 ($string) of type string is deprecated in C:\xampp\htdocs\opencart\upload\system\library\db\mysqli.php on line 53
2022-05-18 11:16:47 - PHP Unknown:  Automatic conversion of false to array is deprecated in C:\xampp\htdocs\opencart\upload\catalog\controller\startup\startup.php on line 103
2022-05-18 11:16:47 - PHP Unknown:  Return type of Twig\Node\Node::count() should either be compatible with Countable::count(): int, or the #[\ReturnTypeWillChange] attribute should be used to temporarily suppress the notice in C:\xampp\htdocs\opencart\upload\system\storage\vendor\twig\twig\src\Node\Node.php on line 161
2022-05-18 11:16:47 - PHP Unknown:  Return type of Twig\Node\Node::getIterator() should either be compatible with IteratorAggregate::getIterator(): Traversable, or the #[\ReturnTypeWillChange] attribute should be used to temporarily suppress the notice in C:\xampp\htdocs\opencart\upload\system\storage\vendor\twig\twig\src\Node\Node.php on line 166
2022-05-18 11:16:47 - PHP Unknown:  round(): Passing null to parameter #1 ($num) of type int|float is deprecated in C:\xampp\htdocs\opencart\upload\catalog\model\catalog\product.php on line 45
2022-05-18 11:16:47 - PHP Unknown:  round(): Passing null to parameter #1 ($num) of type int|float is deprecated in C:\xampp\htdocs\opencart\upload\catalog\model\catalog\product.php on line 45
2022-05-18 11:16:47 - PHP Unknown:  round(): Passing null to parameter #1 ($num) of type int|float is deprecated in C:\xampp\htdocs\opencart\upload\catalog\model\catalog\product.php on line 45
2022-05-18 11:16:47 - PHP Unknown:  round(): Passing null to parameter #1 ($num) of type int|float is deprecated in C:\xampp\htdocs\opencart\upload\catalog\model\catalog\product.php on line 45
2022-05-18 11:17:04 - PHP Unknown:  Return type of Twig\Node\Node::count() should either be compatible with Countable::count(): int, or the #[\ReturnTypeWillChange] attribute should be used to temporarily suppress the notice in C:\xampp\htdocs\opencart\upload\system\storage\vendor\twig\twig\src\Node\Node.php on line 161
2022-05-18 11:17:04 - PHP Unknown:  Return type of Twig\Node\Node::getIterator() should either be compatible with IteratorAggregate::getIterator(): Traversable, or the #[\ReturnTypeWillChange] attribute should be used to temporarily suppress the notice in C:\xampp\htdocs\opencart\upload\system\storage\vendor\twig\twig\src\Node\Node.php on line 166
2022-05-18 11:19:40 - PHP Unknown:  mysqli::real_escape_string(): Passing null to parameter #1 ($string) of type string is deprecated in C:\xampp\htdocs\opencart\upload\system\library\db\mysqli.php on line 53
2022-05-18 11:19:40 - PHP Unknown:  round(): Passing null to parameter #1 ($num) of type int|float is deprecated in C:\xampp\htdocs\opencart\upload\catalog\model\catalog\product.php on line 45
2022-05-18 11:19:40 - PHP Unknown:  round(): Passing null to parameter #1 ($num) of type int|float is deprecated in C:\xampp\htdocs\opencart\upload\catalog\model\catalog\product.php on line 45
2022-05-18 11:19:40 - PHP Unknown:  round(): Passing null to parameter #1 ($num) of type int|float is deprecated in C:\xampp\htdocs\opencart\upload\catalog\model\catalog\product.php on line 45
2022-05-18 11:19:40 - PHP Unknown:  round(): Passing null to parameter #1 ($num) of type int|float is deprecated in C:\xampp\htdocs\opencart\upload\catalog\model\catalog\product.php on line 45
2022-05-18 11:22:11 - PHP Unknown:  Return type of Twig\Node\Node::count() should either be compatible with Countable::count(): int, or the #[\ReturnTypeWillChange] attribute should be used to temporarily suppress the notice in C:\xampp\htdocs\opencart\upload\system\storage\vendor\twig\twig\src\Node\Node.php on line 161
2022-05-18 11:22:11 - PHP Unknown:  Return type of Twig\Node\Node::getIterator() should either be compatible with IteratorAggregate::getIterator(): Traversable, or the #[\ReturnTypeWillChange] attribute should be used to temporarily suppress the notice in C:\xampp\htdocs\opencart\upload\system\storage\vendor\twig\twig\src\Node\Node.php on line 166
2022-05-18 11:22:53 - PHP Unknown:  mysqli::real_escape_string(): Passing null to parameter #1 ($string) of type string is deprecated in C:\xampp\htdocs\opencart\upload\system\library\db\mysqli.php on line 53
2022-05-18 11:22:53 - PHP Unknown:  round(): Passing null to parameter #1 ($num) of type int|float is deprecated in C:\xampp\htdocs\opencart\upload\catalog\model\catalog\product.php on line 45
2022-05-18 11:22:54 - PHP Unknown:  Return type of Twig\Node\Node::count() should either be compatible with Countable::count(): int, or the #[\ReturnTypeWillChange] attribute should be used to temporarily suppress the notice in C:\xampp\htdocs\opencart\upload\system\storage\vendor\twig\twig\src\Node\Node.php on line 161
2022-05-18 11:22:54 - PHP Unknown:  Return type of Twig\Node\Node::getIterator() should either be compatible with IteratorAggregate::getIterator(): Traversable, or the #[\ReturnTypeWillChange] attribute should be used to temporarily suppress the notice in C:\xampp\htdocs\opencart\upload\system\storage\vendor\twig\twig\src\Node\Node.php on line 166
2022-05-18 11:22:55 - PHP Unknown:  mysqli::real_escape_string(): Passing null to parameter #1 ($string) of type string is deprecated in C:\xampp\htdocs\opencart\upload\system\library\db\mysqli.php on line 53
2022-05-18 11:22:55 - PHP Unknown:  Return type of Twig\Node\Node::count() should either be compatible with Countable::count(): int, or the #[\ReturnTypeWillChange] attribute should be used to temporarily suppress the notice in C:\xampp\htdocs\opencart\upload\system\storage\vendor\twig\twig\src\Node\Node.php on line 161
2022-05-18 11:22:55 - PHP Unknown:  Return type of Twig\Node\Node::getIterator() should either be compatible with IteratorAggregate::getIterator(): Traversable, or the #[\ReturnTypeWillChange] attribute should be used to temporarily suppress the notice in C:\xampp\htdocs\opencart\upload\system\storage\vendor\twig\twig\src\Node\Node.php on line 166
2022-05-18 11:22:57 - PHP Unknown:  mysqli::real_escape_string(): Passing null to parameter #1 ($string) of type string is deprecated in C:\xampp\htdocs\opencart\upload\system\library\db\mysqli.php on line 53
2022-05-18 11:22:57 - PHP Unknown:  round(): Passing null to parameter #1 ($num) of type int|float is deprecated in C:\xampp\htdocs\opencart\upload\catalog\model\catalog\product.php on line 45
2022-05-18 11:23:08 - PHP Unknown:  mysqli::real_escape_string(): Passing null to parameter #1 ($string) of type string is deprecated in C:\xampp\htdocs\opencart\upload\system\library\db\mysqli.php on line 53
2022-05-18 11:23:08 - PHP Unknown:  round(): Passing null to parameter #1 ($num) of type int|float is deprecated in C:\xampp\htdocs\opencart\upload\catalog\model\catalog\product.php on line 45
2022-05-18 11:23:08 - PHP Unknown:  round(): Passing null to parameter #1 ($num) of type int|float is deprecated in C:\xampp\htdocs\opencart\upload\catalog\model\catalog\product.php on line 45
2022-05-18 11:23:08 - PHP Unknown:  round(): Passing null to parameter #1 ($num) of type int|float is deprecated in C:\xampp\htdocs\opencart\upload\catalog\model\catalog\product.php on line 45
2022-05-18 11:23:08 - PHP Unknown:  round(): Passing null to parameter #1 ($num) of type int|float is deprecated in C:\xampp\htdocs\opencart\upload\catalog\model\catalog\product.php on line 45
2022-05-18 11:24:57 - PHP Unknown:  mysqli::real_escape_string(): Passing null to parameter #1 ($string) of type string is deprecated in C:\xampp\htdocs\opencart\upload\system\library\db\mysqli.php on line 53
2022-05-18 11:24:57 - PHP Unknown:  round(): Passing null to parameter #1 ($num) of type int|float is deprecated in C:\xampp\htdocs\opencart\upload\catalog\model\catalog\product.php on line 45
2022-05-18 11:24:57 - PHP Unknown:  round(): Passing null to parameter #1 ($num) of type int|float is deprecated in C:\xampp\htdocs\opencart\upload\catalog\model\catalog\product.php on line 45
2022-05-18 11:24:57 - PHP Unknown:  round(): Passing null to parameter #1 ($num) of type int|float is deprecated in C:\xampp\htdocs\opencart\upload\catalog\model\catalog\product.php on line 45
2022-05-18 11:24:57 - PHP Unknown:  round(): Passing null to parameter #1 ($num) of type int|float is deprecated in C:\xampp\htdocs\opencart\upload\catalog\model\catalog\product.php on line 45
2022-05-18 11:25:16 - PHP Unknown:  mysqli::real_escape_string(): Passing null to parameter #1 ($string) of type string is deprecated in C:\xampp\htdocs\opencart\upload\system\library\db\mysqli.php on line 53
2022-05-18 11:25:16 - PHP Unknown:  round(): Passing null to parameter #1 ($num) of type int|float is deprecated in C:\xampp\htdocs\opencart\upload\catalog\model\catalog\product.php on line 45
2022-05-18 11:25:16 - PHP Unknown:  mysqli::real_escape_string(): Passing null to parameter #1 ($string) of type string is deprecated in C:\xampp\htdocs\opencart\upload\system\library\db\mysqli.php on line 53
2022-05-18 11:26:31 - PHP Unknown:  mysqli::real_escape_string(): Passing null to parameter #1 ($string) of type string is deprecated in C:\xampp\htdocs\opencart\upload\system\library\db\mysqli.php on line 53
2022-05-18 11:26:31 - PHP Unknown:  round(): Passing null to parameter #1 ($num) of type int|float is deprecated in C:\xampp\htdocs\opencart\upload\catalog\model\catalog\product.php on line 45
2022-05-18 11:26:31 - PHP Unknown:  round(): Passing null to parameter #1 ($num) of type int|float is deprecated in C:\xampp\htdocs\opencart\upload\catalog\model\catalog\product.php on line 45
2022-05-18 11:26:31 - PHP Unknown:  round(): Passing null to parameter #1 ($num) of type int|float is deprecated in C:\xampp\htdocs\opencart\upload\catalog\model\catalog\product.php on line 45
2022-05-18 11:26:31 - PHP Unknown:  round(): Passing null to parameter #1 ($num) of type int|float is deprecated in C:\xampp\htdocs\opencart\upload\catalog\model\catalog\product.php on line 45
2022-05-18 11:28:40 - PHP Unknown:  mysqli::real_escape_string(): Passing null to parameter #1 ($string) of type string is deprecated in C:\xampp\htdocs\opencart\upload\system\library\db\mysqli.php on line 53
2022-05-18 11:28:40 - PHP Unknown:  round(): Passing null to parameter #1 ($num) of type int|float is deprecated in C:\xampp\htdocs\opencart\upload\catalog\model\catalog\product.php on line 45
2022-05-18 11:28:40 - PHP Unknown:  round(): Passing null to parameter #1 ($num) of type int|float is deprecated in C:\xampp\htdocs\opencart\upload\catalog\model\catalog\product.php on line 45
2022-05-18 11:28:40 - PHP Unknown:  round(): Passing null to parameter #1 ($num) of type int|float is deprecated in C:\xampp\htdocs\opencart\upload\catalog\model\catalog\product.php on line 45
2022-05-18 11:28:40 - PHP Unknown:  round(): Passing null to parameter #1 ($num) of type int|float is deprecated in C:\xampp\htdocs\opencart\upload\catalog\model\catalog\product.php on line 45
2022-05-18 11:30:45 - PHP Unknown:  mysqli::real_escape_string(): Passing null to parameter #1 ($string) of type string is deprecated in C:\xampp\htdocs\opencart\upload\system\library\db\mysqli.php on line 53
2022-05-18 11:33:41 - PHP Unknown:  Return type of Twig\Node\Node::count() should either be compatible with Countable::count(): int, or the #[\ReturnTypeWillChange] attribute should be used to temporarily suppress the notice in C:\xampp\htdocs\opencart\upload\system\storage\vendor\twig\twig\src\Node\Node.php on line 161
2022-05-18 11:33:41 - PHP Unknown:  Return type of Twig\Node\Node::getIterator() should either be compatible with IteratorAggregate::getIterator(): Traversable, or the #[\ReturnTypeWillChange] attribute should be used to temporarily suppress the notice in C:\xampp\htdocs\opencart\upload\system\storage\vendor\twig\twig\src\Node\Node.php on line 166
2022-05-18 11:33:42 - PHP Unknown:  round(): Passing null to parameter #1 ($num) of type int|float is deprecated in C:\xampp\htdocs\opencart\upload\admin\controller\extension\dashboard\sale.php on line 116
